[2021-11-28 19:16:22] app.ERROR: Data from PrestaShop Addons is invalid, and cannot fallback on cache. [] []
[2021-11-28 19:16:22] app.INFO: Protect vendor folder in module blockreassurance [] []
[2021-11-28 19:16:22] app.INFO: Module blockreassurance has no vendor folder [] []
[2021-11-28 19:18:41] request.INFO: Matched route "admin_module_catalog_refresh". {"route":"admin_module_catalog_refresh","route_parameters":{"category":null,"keyword":null,"_controller":"PrestaShopBundle\\Controller\\Admin\\Improve\\ModuleController::refreshCatalogAction","_legacy_controller":"AdminModulesCatalog","_legacy_link":"AdminModulesCatalog:refresh","_route":"admin_module_catalog_refresh"},"request_uri":"http://localhost/prestashop/admin74060nxso/index.php/improve/modules/catalog/refresh?_token=GX20eHw1F-07MoUfHvhupPuTshoQWmdGzgKReanOj7I","method":"GET"} []
[2021-11-28 19:18:41] security.DEBUG: Read existing security token from the session. {"key":"_security_main","token_class":"Symfony\\Component\\Security\\Core\\Authentication\\Token\\UsernamePasswordToken"} []
[2021-11-28 19:18:41] security.DEBUG: User was reloaded from a user provider. {"provider":"PrestaShopBundle\\Security\\Admin\\EmployeeProvider","username":"yaronfada@gmail.com"} []
[2021-11-28 19:18:44] app.ERROR: Data from PrestaShop Addons is invalid, and cannot fallback on cache. [] []
[2021-11-28 19:18:44] security.DEBUG: Stored the security token in the session. {"key":"_security_main"} []
[2021-11-28 19:18:41] request.INFO: Matched route "admin_module_notification_count". {"route":"admin_module_notification_count","route_parameters":{"_controller":"PrestaShopBundle\\Controller\\Admin\\Improve\\Modules\\AlertsController::notificationsCountAction","_legacy_controller":"AdminModulesNotifications","_legacy_link":"AdminModulesNotifications:count","_route":"admin_module_notification_count"},"request_uri":"http://localhost/prestashop/admin74060nxso/index.php/improve/modules/alerts/count?_token=GX20eHw1F-07MoUfHvhupPuTshoQWmdGzgKReanOj7I","method":"GET"} []
[2021-11-28 19:18:44] security.DEBUG: Read existing security token from the session. {"key":"_security_main","token_class":"Symfony\\Component\\Security\\Core\\Authentication\\Token\\UsernamePasswordToken"} []
[2021-11-28 19:18:44] security.DEBUG: User was reloaded from a user provider. {"provider":"PrestaShopBundle\\Security\\Admin\\EmployeeProvider","username":"yaronfada@gmail.com"} []
[2021-11-28 19:18:44] app.ERROR: Data from PrestaShop Addons is invalid, and cannot fallback on cache. [] []
[2021-11-28 19:18:44] security.DEBUG: Stored the security token in the session. {"key":"_security_main"} []
[2021-11-28 19:19:05] request.INFO: Matched route "admin_module_manage_action". {"route":"admin_module_manage_action","route_parameters":{"_controller":"PrestaShopBundle\\Controller\\Admin\\Improve\\ModuleController::moduleAction","action":"install","module_name":"megaseo","_route":"admin_module_manage_action"},"request_uri":"http://localhost/prestashop/admin74060nxso/index.php/improve/modules/manage/action/install/megaseo?_token=GX20eHw1F-07MoUfHvhupPuTshoQWmdGzgKReanOj7I","method":"POST"} []
[2021-11-28 19:19:05] security.DEBUG: Read existing security token from the session. {"key":"_security_main","token_class":"Symfony\\Component\\Security\\Core\\Authentication\\Token\\UsernamePasswordToken"} []
[2021-11-28 19:19:05] security.DEBUG: User was reloaded from a user provider. {"provider":"PrestaShopBundle\\Security\\Admin\\EmployeeProvider","username":"yaronfada@gmail.com"} []
[2021-11-28 19:19:05] app.INFO: Protect vendor folder in module megaseo [] []
[2021-11-28 19:19:05] app.INFO: Module megaseo has no vendor folder [] []
[2021-11-28 19:19:05] app.ERROR: Class "AdminMegaSEOController" not found in controllers/admin nor routing file [] []
[2021-11-28 19:19:05] security.DEBUG: Stored the security token in the session. {"key":"_security_main"} []
